# JRE version: Java(TM) SE Runtime Environment (23.0.1+11) (build 23.0.1+11-39)
# Java VM: Java HotSpot(TM) 64-Bit Server VM (23.0.1+11-39, mixed mode, sharing, tiered, compressed oops, compressed class ptrs, g1 gc, windows-amd64)
GC Precious Log:
 CardTable entry size: 512
 Card Set container configuration: InlinePtr #cards 4 size 8 Array Of Cards #cards 16 size 48 Howl #buckets 8 coarsen threshold 3686 Howl Bitmap #cards 512 size 80 coarsen threshold 460 Card regions per heap region 1 cards per card region 4096
 CPUs: 6 total, 6 available
 Memory: 16310M
 Large Page Support: Disabled
 NUMA Support: Disabled
 Compressed Oops: Enabled (Zero based)
 Heap Region Size: 2M
 Heap Min Capacity: 8M
 Heap Initial Capacity: 256M
 Heap Max Capacity: 4078M
 Pre-touch: Disabled
 Parallel Workers: 6
 Concurrent Workers: 2
 Concurrent Refinement Workers: 6
 Periodic GC: Disabled
Heap:
 garbage-first heap   total reserved 4175872K, committed 90112K, used 30154K [0x0000000701200000, 0x0000000800000000)
  region size 2048K, 2 young (4096K), 1 survivors (2048K)
 Metaspace       used 73650K, committed 74432K, reserved 1114112K
  class space    used 10097K, committed 10432K, reserved 1048576K
GC Heap History (20 events):
Event: 89255.427 GC heap before
{Heap before GC invocations=98 (full 0):
 garbage-first heap   total reserved 4175872K, committed 110592K, used 91813K [0x0000000701200000, 0x0000000800000000)
  region size 2048K, 32 young (65536K), 1 survivors (2048K)
 Metaspace       used 72435K, committed 73344K, reserved 1114112K
  class space    used 9967K, committed 10368K, reserved 1048576K
}
Event: 89255.484 GC heap after
{Heap after GC invocations=99 (full 0):
 garbage-first heap   total reserved 4175872K, committed 110592K, used 28279K [0x0000000701200000, 0x0000000800000000)
  region size 2048K, 1 young (2048K), 1 survivors (2048K)
 Metaspace       used 72435K, committed 73344K, reserved 1114112K
  class space    used 9967K, committed 10368K, reserved 1048576K
}
Event: 90881.327 GC heap before
{Heap before GC invocations=99 (full 0):
 garbage-first heap   total reserved 4175872K, committed 110592K, used 91767K [0x0000000701200000, 0x0000000800000000)
  region size 2048K, 32 young (65536K), 1 survivors (2048K)
 Metaspace       used 72497K, committed 73344K, reserved 1114112K
  class space    used 9967K, committed 10368K, reserved 1048576K
}
Event: 90881.395 GC heap after
{Heap after GC invocations=100 (full 0):
 garbage-first heap   total reserved 4175872K, committed 110592K, used 28384K [0x0000000701200000, 0x0000000800000000)
  region size 2048K, 1 young (2048K), 1 survivors (2048K)
 Metaspace       used 72497K, committed 73344K, reserved 1114112K
  class space    used 9967K, committed 10368K, reserved 1048576K
}
Event: 92524.212 GC heap before
{Heap before GC invocations=101 (full 0):
 garbage-first heap   total reserved 4175872K, committed 110592K, used 91872K [0x0000000701200000, 0x0000000800000000)
  region size 2048K, 32 young (65536K), 1 survivors (2048K)
 Metaspace       used 72502K, committed 73344K, reserved 1114112K
  class space    used 9967K, committed 10368K, reserved 1048576K
}
Event: 92524.311 GC heap after
{Heap after GC invocations=102 (full 0):
 garbage-first heap   total reserved 4175872K, committed 110592K, used 28393K [0x0000000701200000, 0x0000000800000000)
  region size 2048K, 1 young (2048K), 1 survivors (2048K)
 Metaspace       used 72502K, committed 73344K, reserved 1114112K
  class space    used 9967K, committed 10368K, reserved 1048576K
}
Event: 94214.615 GC heap before
{Heap before GC invocations=102 (full 0):
 garbage-first heap   total reserved 4175872K, committed 110592K, used 91881K [0x0000000701200000, 0x0000000800000000)
  region size 2048K, 32 young (65536K), 1 survivors (2048K)
 Metaspace       used 72516K, committed 73344K, reserved 1114112K
  class space    used 9967K, committed 10368K, reserved 1048576K
}
Event: 94214.890 GC heap after
{Heap after GC invocations=103 (full 0):
 garbage-first heap   total reserved 4175872K, committed 110592K, used 28396K [0x0000000701200000, 0x0000000800000000)
  region size 2048K, 1 young (2048K), 1 survivors (2048K)
 Metaspace       used 72516K, committed 73344K, reserved 1114112K
  class space    used 9967K, committed 10368K, reserved 1048576K
}
Event: 95895.328 GC heap before
{Heap before GC invocations=103 (full 0):
 garbage-first heap   total reserved 4175872K, committed 110592K, used 91884K [0x0000000701200000, 0x0000000800000000)
  region size 2048K, 32 young (65536K), 1 survivors (2048K)
 Metaspace       used 72516K, committed 73344K, reserved 1114112K
  class space    used 9967K, committed 10368K, reserved 1048576K
}
Event: 95895.441 GC heap after
{Heap after GC invocations=104 (full 0):
 garbage-first heap   total reserved 4175872K, committed 110592K, used 28413K [0x0000000701200000, 0x0000000800000000)
  region size 2048K, 1 young (2048K), 1 survivors (2048K)
 Metaspace       used 72516K, committed 73344K, reserved 1114112K
  class space    used 9967K, committed 10368K, reserved 1048576K
}
Event: 95931.333 GC heap before
{Heap before GC invocations=105 (full 0):
 garbage-first heap   total reserved 4175872K, committed 110592K, used 30461K [0x0000000701200000, 0x0000000800000000)
  region size 2048K, 2 young (4096K), 1 survivors (2048K)
 Metaspace       used 72516K, committed 73344K, reserved 1114112K
  class space    used 9967K, committed 10368K, reserved 1048576K
}
Event: 95931.336 GC heap after
{Heap after GC invocations=106 (full 0):
 garbage-first heap   total reserved 4175872K, committed 110592K, used 28405K [0x0000000701200000, 0x0000000800000000)
  region size 2048K, 1 young (2048K), 1 survivors (2048K)
 Metaspace       used 72516K, committed 73344K, reserved 1114112K
  class space    used 9967K, committed 10368K, reserved 1048576K
}
Event: 95984.854 GC heap before
{Heap before GC invocations=106 (full 0):
 garbage-first heap   total reserved 4175872K, committed 110592K, used 30453K [0x0000000701200000, 0x0000000800000000)
  region size 2048K, 2 young (4096K), 1 survivors (2048K)
 Metaspace       used 72516K, committed 73344K, reserved 1114112K
  class space    used 9967K, committed 10368K, reserved 1048576K
}
Event: 95984.877 GC heap after
{Heap after GC invocations=107 (full 0):
 garbage-first heap   total reserved 4175872K, committed 110592K, used 28325K [0x0000000701200000, 0x0000000800000000)
  region size 2048K, 1 young (2048K), 1 survivors (2048K)
 Metaspace       used 72516K, committed 73344K, reserved 1114112K
  class space    used 9967K, committed 10368K, reserved 1048576K
}
Event: 96426.678 GC heap before
{Heap before GC invocations=107 (full 0):
 garbage-first heap   total reserved 4175872K, committed 110592K, used 48805K [0x0000000701200000, 0x0000000800000000)
  region size 2048K, 12 young (24576K), 1 survivors (2048K)
 Metaspace       used 72744K, committed 73472K, reserved 1114112K
  class space    used 10016K, committed 10368K, reserved 1048576K
}
Event: 96427.450 GC heap after
{Heap after GC invocations=108 (full 1):
 garbage-first heap   total reserved 4175872K, committed 90112K, used 21897K [0x0000000701200000, 0x0000000800000000)
  region size 2048K, 0 young (0K), 0 survivors (0K)
 Metaspace       used 72735K, committed 73472K, reserved 1114112K
  class space    used 10013K, committed 10368K, reserved 1048576K
}
Event: 96429.856 GC heap before
{Heap before GC invocations=108 (full 1):
 garbage-first heap   total reserved 4175872K, committed 90112K, used 75145K [0x0000000701200000, 0x0000000800000000)
  region size 2048K, 26 young (53248K), 0 survivors (0K)
 Metaspace       used 73298K, committed 73920K, reserved 1114112K
  class space    used 10071K, committed 10368K, reserved 1048576K
}
Event: 96429.902 GC heap after
{Heap after GC invocations=109 (full 1):
 garbage-first heap   total reserved 4175872K, committed 90112K, used 27509K [0x0000000701200000, 0x0000000800000000)
  region size 2048K, 3 young (6144K), 3 survivors (6144K)
 Metaspace       used 73298K, committed 73920K, reserved 1114112K
  class space    used 10071K, committed 10368K, reserved 1048576K
}
Event: 96430.006 GC heap before
{Heap before GC invocations=110 (full 1):
 garbage-first heap   total reserved 4175872K, committed 90112K, used 29557K [0x0000000701200000, 0x0000000800000000)
  region size 2048K, 4 young (8192K), 3 survivors (6144K)
 Metaspace       used 73332K, committed 73984K, reserved 1114112K
  class space    used 10072K, committed 10368K, reserved 1048576K
}
Event: 96430.074 GC heap after
{Heap after GC invocations=111 (full 1):
 garbage-first heap   total reserved 4175872K, committed 90112K, used 28001K [0x0000000701200000, 0x0000000800000000)
  region size 2048K, 1 young (2048K), 1 survivors (2048K)
 Metaspace       used 73332K, committed 73984K, reserved 1114112K
  class space    used 10072K, committed 10368K, reserved 1048576K
}

