# JRE version: Java(TM) SE Runtime Environment (23.0.1+11) (build 23.0.1+11-39)
# Java VM: Java HotSpot(TM) 64-Bit Server VM (23.0.1+11-39, mixed mode, sharing, tiered, compressed oops, compressed class ptrs, g1 gc, windows-amd64)
GC Precious Log:
 CardTable entry size: 512
 Card Set container configuration: InlinePtr #cards 4 size 8 Array Of Cards #cards 16 size 48 Howl #buckets 8 coarsen threshold 3686 Howl Bitmap #cards 512 size 80 coarsen threshold 460 Card regions per heap region 1 cards per card region 4096
 CPUs: 6 total, 6 available
 Memory: 16310M
 Large Page Support: Disabled
 NUMA Support: Disabled
 Compressed Oops: Enabled (Zero based)
 Heap Region Size: 2M
 Heap Min Capacity: 8M
 Heap Initial Capacity: 256M
 Heap Max Capacity: 4078M
 Pre-touch: Disabled
 Parallel Workers: 6
 Concurrent Workers: 2
 Concurrent Refinement Workers: 6
 Periodic GC: Disabled
Heap:
 garbage-first heap   total reserved 4175872K, committed 90112K, used 43198K [0x0000000701200000, 0x0000000800000000)
  region size 2048K, 8 young (16384K), 0 survivors (0K)
 Metaspace       used 82724K, committed 83648K, reserved 1179648K
  class space    used 11110K, committed 11520K, reserved 1048576K
GC Heap History (20 events):
Event: 234.753 GC heap before
{Heap before GC invocations=21 (full 1):
 garbage-first heap   total reserved 4175872K, committed 90112K, used 50872K [0x0000000701200000, 0x0000000800000000)
  region size 2048K, 11 young (22528K), 2 survivors (4096K)
 Metaspace       used 79661K, committed 80448K, reserved 1179648K
  class space    used 10956K, committed 11328K, reserved 1048576K
}
Event: 234.798 GC heap after
{Heap after GC invocations=22 (full 2):
 garbage-first heap   total reserved 4175872K, committed 90112K, used 28498K [0x0000000701200000, 0x0000000800000000)
  region size 2048K, 0 young (0K), 0 survivors (0K)
 Metaspace       used 79658K, committed 80448K, reserved 1179648K
  class space    used 10955K, committed 11328K, reserved 1048576K
}
Event: 235.420 GC heap before
{Heap before GC invocations=22 (full 2):
 garbage-first heap   total reserved 4175872K, committed 90112K, used 75602K [0x0000000701200000, 0x0000000800000000)
  region size 2048K, 24 young (49152K), 0 survivors (0K)
 Metaspace       used 80035K, committed 80832K, reserved 1179648K
  class space    used 10972K, committed 11328K, reserved 1048576K
}
Event: 235.424 GC heap after
{Heap after GC invocations=23 (full 2):
 garbage-first heap   total reserved 4175872K, committed 90112K, used 33056K [0x0000000701200000, 0x0000000800000000)
  region size 2048K, 3 young (6144K), 3 survivors (6144K)
 Metaspace       used 80035K, committed 80832K, reserved 1179648K
  class space    used 10972K, committed 11328K, reserved 1048576K
}
Event: 236.025 GC heap before
{Heap before GC invocations=23 (full 2):
 garbage-first heap   total reserved 4175872K, committed 90112K, used 74016K [0x0000000701200000, 0x0000000800000000)
  region size 2048K, 23 young (47104K), 3 survivors (6144K)
 Metaspace       used 80718K, committed 81600K, reserved 1179648K
  class space    used 11004K, committed 11392K, reserved 1048576K
}
Event: 236.029 GC heap after
{Heap after GC invocations=24 (full 2):
 garbage-first heap   total reserved 4175872K, committed 90112K, used 35961K [0x0000000701200000, 0x0000000800000000)
  region size 2048K, 2 young (4096K), 2 survivors (4096K)
 Metaspace       used 80718K, committed 81600K, reserved 1179648K
  class space    used 11004K, committed 11392K, reserved 1048576K
}
Event: 240.659 GC heap before
{Heap before GC invocations=24 (full 2):
 garbage-first heap   total reserved 4175872K, committed 90112K, used 42105K [0x0000000701200000, 0x0000000800000000)
  region size 2048K, 6 young (12288K), 2 survivors (4096K)
 Metaspace       used 80735K, committed 81600K, reserved 1179648K
  class space    used 11005K, committed 11392K, reserved 1048576K
}
Event: 240.696 GC heap after
{Heap after GC invocations=25 (full 3):
 garbage-first heap   total reserved 4175872K, committed 90112K, used 28150K [0x0000000701200000, 0x0000000800000000)
  region size 2048K, 0 young (0K), 0 survivors (0K)
 Metaspace       used 80732K, committed 81600K, reserved 1179648K
  class space    used 11004K, committed 11392K, reserved 1048576K
}
Event: 241.248 GC heap before
{Heap before GC invocations=25 (full 3):
 garbage-first heap   total reserved 4175872K, committed 90112K, used 77302K [0x0000000701200000, 0x0000000800000000)
  region size 2048K, 24 young (49152K), 0 survivors (0K)
 Metaspace       used 81032K, committed 81920K, reserved 1179648K
  class space    used 11021K, committed 11392K, reserved 1048576K
}
Event: 241.251 GC heap after
{Heap after GC invocations=26 (full 3):
 garbage-first heap   total reserved 4175872K, committed 90112K, used 32792K [0x0000000701200000, 0x0000000800000000)
  region size 2048K, 3 young (6144K), 3 survivors (6144K)
 Metaspace       used 81032K, committed 81920K, reserved 1179648K
  class space    used 11021K, committed 11392K, reserved 1048576K
}
Event: 241.803 GC heap before
{Heap before GC invocations=26 (full 3):
 garbage-first heap   total reserved 4175872K, committed 90112K, used 73752K [0x0000000701200000, 0x0000000800000000)
  region size 2048K, 23 young (47104K), 3 survivors (6144K)
 Metaspace       used 81634K, committed 82560K, reserved 1179648K
  class space    used 11054K, committed 11456K, reserved 1048576K
}
Event: 241.806 GC heap after
{Heap after GC invocations=27 (full 3):
 garbage-first heap   total reserved 4175872K, committed 90112K, used 35090K [0x0000000701200000, 0x0000000800000000)
  region size 2048K, 2 young (4096K), 2 survivors (4096K)
 Metaspace       used 81634K, committed 82560K, reserved 1179648K
  class space    used 11054K, committed 11456K, reserved 1048576K
}
Event: 256.664 GC heap before
{Heap before GC invocations=27 (full 3):
 garbage-first heap   total reserved 4175872K, committed 90112K, used 41234K [0x0000000701200000, 0x0000000800000000)
  region size 2048K, 6 young (12288K), 2 survivors (4096K)
 Metaspace       used 81665K, committed 82560K, reserved 1179648K
  class space    used 11055K, committed 11456K, reserved 1048576K
}
Event: 256.702 GC heap after
{Heap after GC invocations=28 (full 4):
 garbage-first heap   total reserved 4175872K, committed 90112K, used 28511K [0x0000000701200000, 0x0000000800000000)
  region size 2048K, 0 young (0K), 0 survivors (0K)
 Metaspace       used 81662K, committed 82560K, reserved 1179648K
  class space    used 11054K, committed 11456K, reserved 1048576K
}
Event: 257.375 GC heap before
{Heap before GC invocations=28 (full 4):
 garbage-first heap   total reserved 4175872K, committed 90112K, used 77663K [0x0000000701200000, 0x0000000800000000)
  region size 2048K, 24 young (49152K), 0 survivors (0K)
 Metaspace       used 81936K, committed 82816K, reserved 1179648K
  class space    used 11070K, committed 11456K, reserved 1048576K
}
Event: 257.378 GC heap after
{Heap after GC invocations=29 (full 4):
 garbage-first heap   total reserved 4175872K, committed 90112K, used 32976K [0x0000000701200000, 0x0000000800000000)
  region size 2048K, 3 young (6144K), 3 survivors (6144K)
 Metaspace       used 81936K, committed 82816K, reserved 1179648K
  class space    used 11070K, committed 11456K, reserved 1048576K
}
Event: 257.928 GC heap before
{Heap before GC invocations=29 (full 4):
 garbage-first heap   total reserved 4175872K, committed 90112K, used 73936K [0x0000000701200000, 0x0000000800000000)
  region size 2048K, 23 young (47104K), 3 survivors (6144K)
 Metaspace       used 82591K, committed 83520K, reserved 1179648K
  class space    used 11103K, committed 11520K, reserved 1048576K
}
Event: 257.932 GC heap after
{Heap after GC invocations=30 (full 4):
 garbage-first heap   total reserved 4175872K, committed 90112K, used 35445K [0x0000000701200000, 0x0000000800000000)
  region size 2048K, 2 young (4096K), 2 survivors (4096K)
 Metaspace       used 82591K, committed 83520K, reserved 1179648K
  class space    used 11103K, committed 11520K, reserved 1048576K
}
Event: 344.849 GC heap before
{Heap before GC invocations=30 (full 4):
 garbage-first heap   total reserved 4175872K, committed 90112K, used 45685K [0x0000000701200000, 0x0000000800000000)
  region size 2048K, 8 young (16384K), 2 survivors (4096K)
 Metaspace       used 82633K, committed 83520K, reserved 1179648K
  class space    used 11103K, committed 11520K, reserved 1048576K
}
Event: 344.886 GC heap after
{Heap after GC invocations=31 (full 5):
 garbage-first heap   total reserved 4175872K, committed 90112K, used 28862K [0x0000000701200000, 0x0000000800000000)
  region size 2048K, 0 young (0K), 0 survivors (0K)
 Metaspace       used 82631K, committed 83520K, reserved 1179648K
  class space    used 11103K, committed 11520K, reserved 1048576K
}

